CPILint version 1.0.4, copyright (c) 2019-2022 Morten N. Wittrock

 ######  ########  #### ##       #### ##    ## ######## 
##    ## ##     ##  ##  ##        ##  ###   ##    ##    
##       ##     ##  ##  ##        ##  ####  ##    ##    
##       ########   ##  ##        ##  ## ## ##    ##    
##       ##         ##  ##        ##  ##  ####    ##    
##    ## ##         ##  ##        ##  ##   ###    ##    
 ######  ##        #### ######## #### ##    ##    ##    

Inspecting 1 iflow resulted in 0 issues found.
.RulesFile - Rules file XML is valid
11:38:26.597 DEBUG dk.mwittrock.cpilint.CliClient - Calling GitHub API at https://api.github.com/repos/mwittrock/cpilint/releases/latest
11:38:28.008 DEBUG dk.mwittrock.cpilint.CliClient - Parsing GitHub API response
11:38:28.015 DEBUG dk.mwittrock.cpilint.CliClient - Extracted tag 'v1.0.4' from GitHub API response
11:38:28.016 DEBUG dk.mwittrock.cpilint.CliClient - The latest version on GitHub is 1.0.4
11:38:28.016 INFO  dk.mwittrock.cpilint.CpiLint - Starting inspection of iflow artifacts
11:38:28.919 DEBUG dk.mwittrock.cpilint.CpiLint - Iflow artifact supplied: IflowArtifactTag[id=TestExample1,name=TestExample1]
11:38:28.983 INFO  dk.mwittrock.cpilint.CpiLint - Inspection completed
11:38:28.983 INFO  dk.mwittrock.cpilint.CliClient - Iflow artifacts supplied: 1
11:38:28.984 INFO  dk.mwittrock.cpilint.CliClient - Issues found: 0
11:38:28.984 INFO  dk.mwittrock.cpilint.CliClient - Exiting CliClient with status 0
