CPILint version 1.0.4, copyright (c) 2019-2022 Morten N. Wittrock

 ######  ########  #### ##       #### ##    ## ######## 
##    ## ##     ##  ##  ##        ##  ###   ##    ##    
##       ##     ##  ##  ##        ##  ####  ##    ##    
##       ########   ##  ##        ##  ## ## ##    ##    
##       ##         ##  ##        ##  ##  ####    ##    
##    ## ##         ##  ##        ##  ##   ###    ##    
 ######  ##        #### ######## #### ##    ##    ##    

In iflow 'TestExample1' (ID 'TestExample1'): Script step 'Groovy Script 1' (ID 'CallActivity_10') executes a Groovy script, which is not allowed.

Inspecting 1 iflow resulted in 1 issue found.
ock/cpilint/releases/latest
17:32:27.588 DEBUG dk.mwittrock.cpilint.CliClient - Parsing GitHub API response
17:32:27.595 DEBUG dk.mwittrock.cpilint.CliClient - Extracted tag 'v1.0.4' from GitHub API response
17:32:27.596 DEBUG dk.mwittrock.cpilint.CliClient - The latest version on GitHub is 1.0.4
17:32:27.596 INFO  dk.mwittrock.cpilint.CpiLint - Starting inspection of iflow artifacts
17:32:28.379 DEBUG dk.mwittrock.cpilint.CpiLint - Iflow artifact supplied: IflowArtifactTag[id=TestExample1,name=TestExample1]
17:32:28.459 INFO  dk.mwittrock.cpilint.CpiLint - Inspection completed
17:32:28.459 INFO  dk.mwittrock.cpilint.CliClient - Iflow artifacts supplied: 1
17:32:28.459 INFO  dk.mwittrock.cpilint.CliClient - Issues found: 1
17:32:28.459 INFO  dk.mwittrock.cpilint.CliClient - Exiting CliClient with status 1
